d:\思朗-相关资料\cantera重构-5.27\yaml-convector-2.0\yaml-convector-2.0\build\yaml_convector.dir\debug\vc143.pdb
d:\思朗-相关资料\cantera重构-5.27\yaml-convector-2.0\yaml-convector-2.0\build\yaml_convector.dir\debug\mechanismtest.obj
d:\思朗-相关资料\cantera重构-5.27\yaml-convector-2.0\yaml-convector-2.0\build\yaml_convector.dir\debug\yaml-convector-2.0.obj
d:\思朗-相关资料\cantera重构-5.27\yaml-convector-2.0\yaml-convector-2.0\build\cmakefiles\generate.stamp
d:\思朗-相关资料\cantera重构-5.27\yaml-convector-2.0\yaml-convector-2.0\build\bin\debug\yaml_convector.exe
d:\思朗-相关资料\cantera重构-5.27\yaml-convector-2.0\yaml-convector-2.0\build\bin\debug\yaml_convector.pdb
d:\思朗-相关资料\cantera重构-5.27\yaml-convector-2.0\yaml-convector-2.0\build\bin\debug\yaml-cpp.dll
d:\思朗-相关资料\cantera重构-5.27\yaml-convector-2.0\yaml-convector-2.0\build\yaml_convector.dir\debug\yaml_convector.ilk
d:\思朗-相关资料\cantera重构-5.27\yaml-convector-2.0\yaml-convector-2.0\build\yaml_convector.dir\debug\yaml_convector.tlog\cl.command.1.tlog
d:\思朗-相关资料\cantera重构-5.27\yaml-convector-2.0\yaml-convector-2.0\build\yaml_convector.dir\debug\yaml_convector.tlog\cl.items.tlog
d:\思朗-相关资料\cantera重构-5.27\yaml-convector-2.0\yaml-convector-2.0\build\yaml_convector.dir\debug\yaml_convector.tlog\cl.read.1.tlog
d:\思朗-相关资料\cantera重构-5.27\yaml-convector-2.0\yaml-convector-2.0\build\yaml_convector.dir\debug\yaml_convector.tlog\cl.write.1.tlog
d:\思朗-相关资料\cantera重构-5.27\yaml-convector-2.0\yaml-convector-2.0\build\yaml_convector.dir\debug\yaml_convector.tlog\custombuild.command.1.tlog
d:\思朗-相关资料\cantera重构-5.27\yaml-convector-2.0\yaml-convector-2.0\build\yaml_convector.dir\debug\yaml_convector.tlog\custombuild.read.1.tlog
d:\思朗-相关资料\cantera重构-5.27\yaml-convector-2.0\yaml-convector-2.0\build\yaml_convector.dir\debug\yaml_convector.tlog\custombuild.write.1.tlog
d:\思朗-相关资料\cantera重构-5.27\yaml-convector-2.0\yaml-convector-2.0\build\yaml_convector.dir\debug\yaml_convector.tlog\link.command.1.tlog
d:\思朗-相关资料\cantera重构-5.27\yaml-convector-2.0\yaml-convector-2.0\build\yaml_convector.dir\debug\yaml_convector.tlog\link.read.1.tlog
d:\思朗-相关资料\cantera重构-5.27\yaml-convector-2.0\yaml-convector-2.0\build\yaml_convector.dir\debug\yaml_convector.tlog\link.secondary.1.tlog
d:\思朗-相关资料\cantera重构-5.27\yaml-convector-2.0\yaml-convector-2.0\build\yaml_convector.dir\debug\yaml_convector.tlog\link.write.1.tlog
d:\思朗-相关资料\cantera重构-5.27\yaml-convector-2.0\yaml-convector-2.0\build\yaml_convector.dir\debug\yaml_convector.tlog\yaml_convector.write.1u.tlog
